C:\USERS\JAVI\DOCUMENTS\UNI\INFO INDUSTR\QB-EMPIRE\TMP\DEBUG\AYUNTAMIENTO.OBJ
C:\USERS\JAVI\DOCUMENTS\UNI\INFO INDUSTR\QB-EMPIRE\TMP\DEBUG\COLOR.OBJ
C:\USERS\JAVI\DOCUMENTS\UNI\INFO INDUSTR\QB-EMPIRE\TMP\DEBUG\COORDINADOR.OBJ
C:\USERS\JAVI\DOCUMENTS\UNI\INFO INDUSTR\QB-EMPIRE\TMP\DEBUG\CUARTEL.OBJ
C:\USERS\JAVI\DOCUMENTS\UNI\INFO INDUSTR\QB-EMPIRE\TMP\DEBUG\DISPARO.OBJ
C:\USERS\JAVI\DOCUMENTS\UNI\INFO INDUSTR\QB-EMPIRE\TMP\DEBUG\EDIFICIO.OBJ
C:\USERS\JAVI\DOCUMENTS\UNI\INFO INDUSTR\QB-EMPIRE\TMP\DEBUG\FABRICA.OBJ
C:\USERS\JAVI\DOCUMENTS\UNI\INFO INDUSTR\QB-EMPIRE\TMP\DEBUG\INTERACCION.OBJ
C:\USERS\JAVI\DOCUMENTS\UNI\INFO INDUSTR\QB-EMPIRE\TMP\DEBUG\LISTA_DE.OBJ
C:\USERS\JAVI\DOCUMENTS\UNI\INFO INDUSTR\QB-EMPIRE\TMP\DEBUG\MAPA.OBJ
C:\USERS\JAVI\DOCUMENTS\UNI\INFO INDUSTR\QB-EMPIRE\TMP\DEBUG\MENUS.OBJ
C:\USERS\JAVI\DOCUMENTS\UNI\INFO INDUSTR\QB-EMPIRE\TMP\DEBUG\MUNDO.OBJ
C:\USERS\JAVI\DOCUMENTS\UNI\INFO INDUSTR\QB-EMPIRE\TMP\DEBUG\OBJETO.OBJ
C:\USERS\JAVI\DOCUMENTS\UNI\INFO INDUSTR\QB-EMPIRE\TMP\DEBUG\PERSONAJE.OBJ
C:\USERS\JAVI\DOCUMENTS\UNI\INFO INDUSTR\QB-EMPIRE\TMP\DEBUG\QB-EMPIRE.OBJ
C:\USERS\JAVI\DOCUMENTS\UNI\INFO INDUSTR\QB-EMPIRE\TMP\DEBUG\RECURSOS.OBJ
C:\USERS\JAVI\DOCUMENTS\UNI\INFO INDUSTR\QB-EMPIRE\TMP\DEBUG\VECTOR.OBJ
C:\USERS\JAVI\DOCUMENTS\UNI\INFO INDUSTR\QB-EMPIRE\TMP\DEBUG\VECTOR3D.OBJ
C:\USERS\JAVI\DOCUMENTS\UNI\INFO INDUSTR\QB-EMPIRE\TMP\DEBUG\VC110.PDB
C:\USERS\JAVI\DOCUMENTS\UNI\INFO INDUSTR\QB-EMPIRE\BIN\QB-EMPIRE.ILK
C:\USERS\JAVI\DOCUMENTS\UNI\INFO INDUSTR\QB-EMPIRE\BIN\QB-EMPIRE.EXE
C:\USERS\JAVI\DOCUMENTS\UNI\INFO INDUSTR\QB-EMPIRE\BIN\QB-EMPIRE.PDB
C:\Users\Javi\Documents\UNI\Info Industr\Qb-Empire\tmp\Debug\Ayuntamiento.obj
C:\Users\Javi\Documents\UNI\Info Industr\Qb-Empire\tmp\Debug\Color.obj
C:\Users\Javi\Documents\UNI\Info Industr\Qb-Empire\tmp\Debug\Coordinador.obj
C:\Users\Javi\Documents\UNI\Info Industr\Qb-Empire\tmp\Debug\Cuartel.obj
C:\Users\Javi\Documents\UNI\Info Industr\Qb-Empire\tmp\Debug\Disparo.obj
C:\Users\Javi\Documents\UNI\Info Industr\Qb-Empire\tmp\Debug\Edificio.obj
C:\Users\Javi\Documents\UNI\Info Industr\Qb-Empire\tmp\Debug\Fabrica.obj
C:\Users\Javi\Documents\UNI\Info Industr\Qb-Empire\tmp\Debug\Interaccion.obj
C:\Users\Javi\Documents\UNI\Info Industr\Qb-Empire\tmp\Debug\Lista_de.obj
C:\Users\Javi\Documents\UNI\Info Industr\Qb-Empire\tmp\Debug\Mapa.obj
C:\Users\Javi\Documents\UNI\Info Industr\Qb-Empire\tmp\Debug\Menus.obj
C:\Users\Javi\Documents\UNI\Info Industr\Qb-Empire\tmp\Debug\Mundo.obj
C:\Users\Javi\Documents\UNI\Info Industr\Qb-Empire\tmp\Debug\Objeto.obj
C:\Users\Javi\Documents\UNI\Info Industr\Qb-Empire\tmp\Debug\Personaje.obj
C:\Users\Javi\Documents\UNI\Info Industr\Qb-Empire\tmp\Debug\Qb-Empire.obj
C:\Users\Javi\Documents\UNI\Info Industr\Qb-Empire\tmp\Debug\Recursos.obj
C:\Users\Javi\Documents\UNI\Info Industr\Qb-Empire\tmp\Debug\Vector.obj
C:\Users\Javi\Documents\UNI\Info Industr\Qb-Empire\tmp\Debug\Vector3D.obj
C:\Users\Javi\Documents\UNI\Info Industr\Qb-Empire\tmp\Debug\cl.command.1.tlog
C:\Users\Javi\Documents\UNI\Info Industr\Qb-Empire\tmp\Debug\CL.read.1.tlog
C:\Users\Javi\Documents\UNI\Info Industr\Qb-Empire\tmp\Debug\CL.write.1.tlog
C:\Users\Javi\Documents\UNI\Info Industr\Qb-Empire\tmp\Debug\link-cvtres.read.1.tlog
C:\Users\Javi\Documents\UNI\Info Industr\Qb-Empire\tmp\Debug\link-cvtres.write.1.tlog
C:\Users\Javi\Documents\UNI\Info Industr\Qb-Empire\tmp\Debug\link-rc.read.1.tlog
C:\Users\Javi\Documents\UNI\Info Industr\Qb-Empire\tmp\Debug\link-rc.write.1.tlog
C:\Users\Javi\Documents\UNI\Info Industr\Qb-Empire\tmp\Debug\link.command.1.tlog
C:\Users\Javi\Documents\UNI\Info Industr\Qb-Empire\tmp\Debug\link.read.1.tlog
C:\Users\Javi\Documents\UNI\Info Industr\Qb-Empire\tmp\Debug\link.write.1.tlog
C:\Users\Javi\Documents\UNI\Info Industr\Qb-Empire\tmp\Debug\vc110.idb
C:\Users\Javi\Documents\UNI\Info Industr\Qb-Empire\tmp\Debug\vc110.pdb
C:\Users\Javi\Documents\UNI\Info Industr\Qb-Empire\bin\Qb-Empire.pdb
C:\Users\Javi\Documents\UNI\Info Industr\Qb-Empire\bin\Qb-Empire.exe
C:\Users\Javi\Documents\UNI\Info Industr\Qb-Empire\bin\Qb-Empire.ilk
